<?xml version="1.0" encoding="UTF-8"?>
<!-- Generated by org.testng.reporters.JUnitReportReporter -->
<testsuite skipped="0" hostname="Deepmala-PC" name="com.crm.qa.testCases.LandingPageTest" tests="1" failures="0" timestamp="10 Feb 2019 08:11:51 GMT" time="52.440" errors="0">
  <testcase name="LandingPage" time="52.440" classname="com.crm.qa.testCases.LandingPageTest"/>
</testsuite> <!-- com.crm.qa.testCases.LandingPageTest -->
