<?xml version="1.0" encoding="UTF-8"?>
<!-- Generated by org.testng.reporters.JUnitReportReporter -->
<testsuite skipped="1" hostname="Deepmala-PC" name="com.crm.qa.testCases.LoginPageTest" tests="2" failures="0" timestamp="12 Feb 2019 03:34:21 GMT" time="64.306" errors="0">
  <testcase name="CRMLogin" time="64.306" classname="com.crm.qa.testCases.LoginPageTest"/>
  <testcase name="loginpagetitle" classname="com.crm.qa.testCases.LoginPageTest">
    <skipped/>
  </testcase> <!-- loginpagetitle -->
</testsuite> <!-- com.crm.qa.testCases.LoginPageTest -->
